[0.028s] Invoking command in '/home/mohamed/ros2_ws/build/my_robot_description': DEBUGINFOD_URLS=https://debuginfod.ubuntu.com /usr/bin/cmake --build /home/mohamed/ros2_ws/build/my_robot_description -- -j16 -l16
[0.091s] -- Found ament_cmake: 2.5.4 (/opt/ros/jazzy/share/ament_cmake/cmake)
[0.893s] Error parsing '/home/mohamed/ros2_ws/src/my_robot_description/package.xml':
[5.500s] Traceback (most recent call last):
[5.501s]   File "/usr/lib/python3/dist-packages/catkin_pkg/package.py", line 610, in parse_package_string
[5.501s]     root = dom.parseString(data)
[5.501s]            ^^^^^^^^^^^^^^^^^^^^^
[5.502s]   File "/usr/lib/python3.12/xml/dom/minidom.py", line 2000, in parseString
[5.502s]     return expatbuilder.parseString(string)
[5.503s]            ^^^^^^^^^^^^^^^^^^^^^^^^^^^^^^^^
[5.503s]   File "/usr/lib/python3.12/xml/dom/expatbuilder.py", line 922, in parseString
[5.504s]     return builder.parseString(string)
[5.504s]            ^^^^^^^^^^^^^^^^^^^^^^^^^^^
[5.504s]   File "/usr/lib/python3.12/xml/dom/expatbuilder.py", line 220, in parseString
[5.505s]     parser.Parse(string, True)
[5.505s] xml.parsers.expat.ExpatError: mismatched tag: line 22, column 2
[5.505s] 
[5.506s] During handling of the above exception, another exception occurred:
[5.506s] 
[5.506s] Traceback (most recent call last):
[5.507s]   File "/opt/ros/jazzy/share/ament_cmake_core/cmake/core/package_xml_2_cmake.py", line 150, in <module>
[5.507s]     main()
[5.507s]   File "/opt/ros/jazzy/share/ament_cmake_core/cmake/core/package_xml_2_cmake.py", line 53, in main
[5.508s]     raise e
[5.508s]   File "/opt/ros/jazzy/share/ament_cmake_core/cmake/core/package_xml_2_cmake.py", line 49, in main
[5.508s]     package = parse_package_string(
[5.509s]               ^^^^^^^^^^^^^^^^^^^^^
[5.509s]   File "/usr/lib/python3/dist-packages/catkin_pkg/package.py", line 612, in parse_package_string
[5.509s]     raise InvalidPackage('The manifest contains invalid XML:\n%s' % ex, filename)
[5.510s] catkin_pkg.package.InvalidPackage: Error(s) in package '/home/mohamed/ros2_ws/src/my_robot_description/package.xml':
[5.510s] The manifest contains invalid XML:
[5.510s] mismatched tag: line 22, column 2
[5.611s] [31mCMake Error at /opt/ros/jazzy/share/ament_cmake_core/cmake/core/ament_package_xml.cmake:95 (message):
[5.612s]   execute_process(/usr/bin/python3
[5.612s]   /opt/ros/jazzy/share/ament_cmake_core/cmake/core/package_xml_2_cmake.py
[5.613s]   /home/mohamed/ros2_ws/src/my_robot_description/package.xml
[5.613s]   /home/mohamed/ros2_ws/build/my_robot_description/ament_cmake_core/package.cmake)
[5.613s]   returned error code 1
[5.613s] Call Stack (most recent call first):
[5.613s]   /opt/ros/jazzy/share/ament_cmake_core/cmake/core/ament_package_xml.cmake:49 (_ament_package_xml)
[5.614s]   /opt/ros/jazzy/share/ament_cmake_core/cmake/core/ament_package.cmake:63 (ament_package_xml)
[5.614s]   CMakeLists.txt:16 (ament_package)
[5.614s] 
[5.614s] [0m
[5.615s] -- Configuring incomplete, errors occurred!
[5.619s] gmake: *** [Makefile:226: cmake_check_build_system] Error 1
[5.624s] Invoked command in '/home/mohamed/ros2_ws/build/my_robot_description' returned '2': DEBUGINFOD_URLS=https://debuginfod.ubuntu.com /usr/bin/cmake --build /home/mohamed/ros2_ws/build/my_robot_description -- -j16 -l16
